<?xml version="1.0" encoding="UTF-8"?>
<testsuite xmlns:xsi="http://www.w3.org/2001/XMLSchema-instance" xsi:noNamespaceSchemaLocation="https://maven.apache.org/surefire/maven-surefire-plugin/xsd/surefire-test-report.xsd" name="ru.netology.manager.ProductManagerTest" time="0.043" tests="7" errors="0" skipped="0" failures="0">
  <properties>
[...]
</properties>
  <testcase name="shouldSearchByByNameBook" classname="ru.netology.manager.ProductManagerTest" time="0.016"/>
  <testcase name="shouldSearchByByNameProduct" classname="ru.netology.manager.ProductManagerTest" time="0.001"/>
  <testcase name="shouldSearchByIfRequestEmpty" classname="ru.netology.manager.ProductManagerTest" time="0.001"/>
  <testcase name="shouldSearchByIfOneElemInRepository" classname="ru.netology.manager.ProductManagerTest" time="0.001"/>
  <testcase name="shouldSearchByIfNoElemInRepository" classname="ru.netology.manager.ProductManagerTest" time="0"/>
  <testcase name="shouldSearchByByNameSmartphone" classname="ru.netology.manager.ProductManagerTest" time="0.002"/>
  <testcase name="shouldSearchByIfMoreThenOneElemInRepository" classname="ru.netology.manager.ProductManagerTest" time="0.007"/>
</testsuite>